<?xml version="1.0" encoding="UTF-8"?>
<!-- Generated by org.testng.reporters.JUnitXMLReporter -->
<testsuite ignored="0" hostname="DESKTOP-RTDU8S9" failures="0" tests="5" name="Default test" time="37.966" errors="0" timestamp="27 Apr 2020 21:29:56 GMT">
  <testcase classname="aequilibrium.test.AequilibriumTest" name="verifyUsernameRequiredWarning" time="0.463"/>
  <testcase classname="aequilibrium.test.AequilibriumTest" name="verifyPasswordRequiredWarning" time="0.464"/>
  <testcase classname="aequilibrium.test.AequilibriumTest" name="logInWithInvalidCredential" time="0.555"/>
  <testcase classname="aequilibrium.test.AequilibriumTest" name="logInWithEmptyCredential" time="0.334"/>
  <testcase classname="aequilibrium.test.AequilibriumTest" name="logInWithValidCredential" time="2.477"/>
</testsuite> <!-- Default test -->
