<?xml version="1.0" encoding="UTF-8"?>
<testng-results ignored="0" total="5" passed="5" failed="0" skipped="0">
  <reporter-output>
  </reporter-output>
  <suite started-at="2020-04-27T21:29:18Z" name="Default suite" finished-at="2020-04-27T21:29:56Z" duration-ms="37966">
    <groups>
    </groups>
    <test started-at="2020-04-27T21:29:18Z" name="Default test" finished-at="2020-04-27T21:29:56Z" duration-ms="37966">
      <class name="aequilibrium.test.AequilibriumTest">
        <test-method is-config="true" signature="openSite()[pri:0, instance:aequilibrium.test.AequilibriumTest@3a079870]" started-at="2020-04-27T21:29:18Z" name="openSite" finished-at="2020-04-27T21:29:25Z" duration-ms="6910" status="PASS">
          <reporter-output>
          </reporter-output>
        </test-method> <!-- openSite -->
        <test-method signature="verifyUsernameRequiredWarning()[pri:1, instance:aequilibrium.test.AequilibriumTest@3a079870]" started-at="2020-04-27T21:29:25Z" name="verifyUsernameRequiredWarning" finished-at="2020-04-27T21:29:25Z" duration-ms="463" status="PASS">
          <reporter-output>
          </reporter-output>
        </test-method> <!-- verifyUsernameRequiredWarning -->
        <test-method is-config="true" signature="closeBrowser()[pri:0, instance:aequilibrium.test.AequilibriumTest@3a079870]" started-at="2020-04-27T21:29:25Z" name="closeBrowser" finished-at="2020-04-27T21:29:26Z" duration-ms="695" status="PASS">
          <reporter-output>
          </reporter-output>
        </test-method> <!-- closeBrowser -->
        <test-method is-config="true" signature="openSite()[pri:0, instance:aequilibrium.test.AequilibriumTest@3a079870]" started-at="2020-04-27T21:29:26Z" name="openSite" finished-at="2020-04-27T21:29:32Z" duration-ms="5729" status="PASS">
          <reporter-output>
          </reporter-output>
        </test-method> <!-- openSite -->
        <test-method signature="verifyPasswordRequiredWarning()[pri:2, instance:aequilibrium.test.AequilibriumTest@3a079870]" started-at="2020-04-27T21:29:32Z" name="verifyPasswordRequiredWarning" finished-at="2020-04-27T21:29:32Z" duration-ms="464" status="PASS">
          <reporter-output>
          </reporter-output>
        </test-method> <!-- verifyPasswordRequiredWarning -->
        <test-method is-config="true" signature="closeBrowser()[pri:0, instance:aequilibrium.test.AequilibriumTest@3a079870]" started-at="2020-04-27T21:29:32Z" name="closeBrowser" finished-at="2020-04-27T21:29:33Z" duration-ms="742" status="PASS">
          <reporter-output>
          </reporter-output>
        </test-method> <!-- closeBrowser -->
        <test-method is-config="true" signature="openSite()[pri:0, instance:aequilibrium.test.AequilibriumTest@3a079870]" started-at="2020-04-27T21:29:33Z" name="openSite" finished-at="2020-04-27T21:29:39Z" duration-ms="5876" status="PASS">
          <reporter-output>
          </reporter-output>
        </test-method> <!-- openSite -->
        <test-method signature="logInWithInvalidCredential()[pri:3, instance:aequilibrium.test.AequilibriumTest@3a079870]" started-at="2020-04-27T21:29:39Z" name="logInWithInvalidCredential" finished-at="2020-04-27T21:29:39Z" duration-ms="555" status="PASS">
          <reporter-output>
          </reporter-output>
        </test-method> <!-- logInWithInvalidCredential -->
        <test-method is-config="true" signature="closeBrowser()[pri:0, instance:aequilibrium.test.AequilibriumTest@3a079870]" started-at="2020-04-27T21:29:39Z" name="closeBrowser" finished-at="2020-04-27T21:29:40Z" duration-ms="740" status="PASS">
          <reporter-output>
          </reporter-output>
        </test-method> <!-- closeBrowser -->
        <test-method is-config="true" signature="openSite()[pri:0, instance:aequilibrium.test.AequilibriumTest@3a079870]" started-at="2020-04-27T21:29:40Z" name="openSite" finished-at="2020-04-27T21:29:46Z" duration-ms="5772" status="PASS">
          <reporter-output>
          </reporter-output>
        </test-method> <!-- openSite -->
        <test-method signature="logInWithEmptyCredential()[pri:4, instance:aequilibrium.test.AequilibriumTest@3a079870]" started-at="2020-04-27T21:29:46Z" name="logInWithEmptyCredential" finished-at="2020-04-27T21:29:46Z" duration-ms="334" status="PASS">
          <reporter-output>
          </reporter-output>
        </test-method> <!-- logInWithEmptyCredential -->
        <test-method is-config="true" signature="closeBrowser()[pri:0, instance:aequilibrium.test.AequilibriumTest@3a079870]" started-at="2020-04-27T21:29:46Z" name="closeBrowser" finished-at="2020-04-27T21:29:47Z" duration-ms="672" status="PASS">
          <reporter-output>
          </reporter-output>
        </test-method> <!-- closeBrowser -->
        <test-method is-config="true" signature="openSite()[pri:0, instance:aequilibrium.test.AequilibriumTest@3a079870]" started-at="2020-04-27T21:29:47Z" name="openSite" finished-at="2020-04-27T21:29:53Z" duration-ms="5811" status="PASS">
          <reporter-output>
          </reporter-output>
        </test-method> <!-- openSite -->
        <test-method signature="logInWithValidCredential()[pri:5, instance:aequilibrium.test.AequilibriumTest@3a079870]" started-at="2020-04-27T21:29:53Z" name="logInWithValidCredential" finished-at="2020-04-27T21:29:55Z" duration-ms="2477" status="PASS">
          <reporter-output>
          </reporter-output>
        </test-method> <!-- logInWithValidCredential -->
        <test-method is-config="true" signature="closeBrowser()[pri:0, instance:aequilibrium.test.AequilibriumTest@3a079870]" started-at="2020-04-27T21:29:55Z" name="closeBrowser" finished-at="2020-04-27T21:29:56Z" duration-ms="683" status="PASS">
          <reporter-output>
          </reporter-output>
        </test-method> <!-- closeBrowser -->
      </class> <!-- aequilibrium.test.AequilibriumTest -->
    </test> <!-- Default test -->
  </suite> <!-- Default suite -->
</testng-results>
